[    7005ms] [ERROR] Failed to load resource: the server responded with a status of 404 (Not Found) @ http://localhost:3000/api/validate/draft/A%20landlord%20renting%20the%20unit%20above%20her%20garage%20to%20her%20son's%20best%20friend%3B%20thin%20walls%2C%20shared%20laundry%2C%20and%20her%20husband's%20overnight%20shifts%20leave%20too%20many%20hours%20unaccounted%20for.:0
[  146491ms] Error: useAssistantContext must be used within AssistantContextProvider
    at useAssistantContext (http://localhost:3000/src/components/common/AssistantContext.tsx?t=1773017810933:49:11)
    at useAssistantScreenContext (http://localhost:3000/src/components/common/AssistantContext.tsx?t=1773017810933:56:52)
    at BatchGenerate (http://localhost:3000/src/components/batch/BatchGenerate.tsx?t=1773017810933:117:3)
    at Object.react_stack_bottom_frame (http://localhost:3000/node_modules/.vite/deps/react-dom_client.js?v=daaf4d00:18509:20)
    at renderWithHooks (http://localhost:3000/node_modules/.vite/deps/react-dom_client.js?v=daaf4d00:5654:24)
    at updateFunctionComponent (http://localhost:3000/node_modules/.vite/deps/react-dom_client.js?v=daaf4d00:7475:21)
    at beginWork (http://localhost:3000/node_modules/.vite/deps/react-dom_client.js?v=daaf4d00:8525:20)
    at runWithFiberInDEV (http://localhost:3000/node_modules/.vite/deps/react-dom_client.js?v=daaf4d00:997:72)
    at performUnitOfWork (http://localhost:3000/node_modules/.vite/deps/react-dom_client.js?v=daaf4d00:12561:98)
    at workLoopSync (http://localhost:3000/node_modules/.vite/deps/react-dom_client.js?v=daaf4d00:12424:43)
[  146490ms] [WARNING] %s

%s
 An error occurred in the <BatchGenerate> component. Consider adding an error boundary to your tree to customize error handling behavior.
Visit https://react.dev/link/error-boundaries to learn more about error boundaries. @ http://localhost:3000/node_modules/.vite/deps/react-dom_client.js?v=daaf4d00:6965
[  154280ms] [ERROR] Failed to load resource: the server responded with a status of 404 (Not Found) @ http://localhost:3000/api/lineage:0
[  155827ms] [ERROR] Failed to load resource: the server responded with a status of 404 (Not Found) @ http://localhost:3000/api/lineage:0
[  156831ms] [ERROR] Failed to load resource: the server responded with a status of 404 (Not Found) @ http://localhost:3000/api/lineage:0
[  165984ms] [ERROR] Failed to load resource: the server responded with a status of 404 (Not Found) @ http://localhost:3000/api/blueprints:0
[  166987ms] [ERROR] Failed to load resource: the server responded with a status of 404 (Not Found) @ http://localhost:3000/api/blueprints:0
